c:\users\chen-liu\documents\qt_in_vs\paintframe\paintframe\paintframe\debug\vc120.pdb
c:\users\chen-liu\documents\qt_in_vs\paintframe\paintframe\paintframe\debug\moc_mainwidget.obj
c:\users\chen-liu\documents\qt_in_vs\paintframe\paintframe\paintframe\debug\moc_legend.obj
c:\users\chen-liu\documents\qt_in_vs\paintframe\paintframe\paintframe\debug\moc_humanpoint.obj
c:\users\chen-liu\documents\qt_in_vs\paintframe\paintframe\paintframe\debug\moc_compass.obj
c:\users\chen-liu\documents\qt_in_vs\paintframe\paintframe\paintframe\debug\view.obj
c:\users\chen-liu\documents\qt_in_vs\paintframe\paintframe\paintframe\debug\toline.obj
c:\users\chen-liu\documents\qt_in_vs\paintframe\paintframe\paintframe\debug\textitem.obj
c:\users\chen-liu\documents\qt_in_vs\paintframe\paintframe\paintframe\debug\stationpoint.obj
c:\users\chen-liu\documents\qt_in_vs\paintframe\paintframe\paintframe\debug\scene.obj
c:\users\chen-liu\documents\qt_in_vs\paintframe\paintframe\paintframe\debug\roadpath.obj
c:\users\chen-liu\documents\qt_in_vs\paintframe\paintframe\paintframe\debug\preview.obj
c:\users\chen-liu\documents\qt_in_vs\paintframe\paintframe\paintframe\debug\pointitem.obj
c:\users\chen-liu\documents\qt_in_vs\paintframe\paintframe\paintframe\debug\myxml.obj
c:\users\chen-liu\documents\qt_in_vs\paintframe\paintframe\paintframe\debug\myview.obj
c:\users\chen-liu\documents\qt_in_vs\paintframe\paintframe\paintframe\debug\mydatabase.obj
c:\users\chen-liu\documents\qt_in_vs\paintframe\paintframe\paintframe\debug\mainwidget.obj
c:\users\chen-liu\documents\qt_in_vs\paintframe\paintframe\paintframe\debug\lineitem.obj
c:\users\chen-liu\documents\qt_in_vs\paintframe\paintframe\paintframe\debug\legend.obj
c:\users\chen-liu\documents\qt_in_vs\paintframe\paintframe\paintframe\debug\humanpoint.obj
c:\users\chen-liu\documents\qt_in_vs\paintframe\paintframe\paintframe\debug\compass.obj
c:\users\chen-liu\documents\qt_in_vs\paintframe\paintframe\paintframe\debug\paintframe.obj
c:\users\chen-liu\documents\qt_in_vs\paintframe\paintframe\paintframe\debug\moc_view.obj
c:\users\chen-liu\documents\qt_in_vs\paintframe\paintframe\paintframe\debug\moc_textitem.obj
c:\users\chen-liu\documents\qt_in_vs\paintframe\paintframe\paintframe\debug\moc_stationpoint.obj
c:\users\chen-liu\documents\qt_in_vs\paintframe\paintframe\paintframe\debug\moc_preview.obj
c:\users\chen-liu\documents\qt_in_vs\paintframe\paintframe\paintframe\debug\moc_paintframe.obj
c:\users\chen-liu\documents\qt_in_vs\paintframe\paintframe\paintframe\debug\moc_myview.obj
c:\users\chen-liu\documents\qt_in_vs\paintframe\paintframe\paintframe\debug\polyline.obj
c:\users\chen-liu\documents\qt_in_vs\paintframe\paintframe\paintframe\generatedfiles\debug\moc_paintframe.cpp
c:\users\chen-liu\documents\qt_in_vs\paintframe\paintframe\paintframe\generatedfiles\debug\moc_compass.cpp
c:\users\chen-liu\documents\qt_in_vs\paintframe\paintframe\paintframe\generatedfiles\debug\moc_humanpoint.cpp
c:\users\chen-liu\documents\qt_in_vs\paintframe\paintframe\paintframe\generatedfiles\debug\moc_legend.cpp
c:\users\chen-liu\documents\qt_in_vs\paintframe\paintframe\paintframe\generatedfiles\debug\moc_view.cpp
c:\users\chen-liu\documents\qt_in_vs\paintframe\paintframe\paintframe\generatedfiles\debug\moc_textitem.cpp
c:\users\chen-liu\documents\qt_in_vs\paintframe\paintframe\paintframe\generatedfiles\debug\moc_stationpoint.cpp
c:\users\chen-liu\documents\qt_in_vs\paintframe\paintframe\paintframe\generatedfiles\debug\moc_preview.cpp
c:\users\chen-liu\documents\qt_in_vs\paintframe\paintframe\paintframe\generatedfiles\debug\moc_myview.cpp
c:\users\chen-liu\documents\qt_in_vs\paintframe\paintframe\paintframe\generatedfiles\debug\moc_mainwidget.cpp
c:\users\chen-liu\documents\qt_in_vs\paintframe\paintframe\win32\debug\paintframe.ilk
c:\users\chen-liu\documents\qt_in_vs\paintframe\paintframe\win32\debug\paintframe.dll
c:\users\chen-liu\documents\qt_in_vs\paintframe\paintframe\win32\debug\paintframe.pdb
c:\users\chen-liu\documents\qt_in_vs\paintframe\paintframe\win32\debug\paintframe.lib
c:\users\chen-liu\documents\qt_in_vs\paintframe\paintframe\win32\debug\paintframe.exp
c:\users\chen-liu\documents\qt_in_vs\paintframe\paintframe\paintframe\debug\paintframe.res
c:\users\chen-liu\documents\qt_in_vs\paintframe\paintframe\paintframe\debug\paintframe.tlb
c:\users\chen-liu\documents\qt_in_vs\paintframe\paintframe\paintframe\debug\paintframe.tlog\cl.command.1.tlog
c:\users\chen-liu\documents\qt_in_vs\paintframe\paintframe\paintframe\debug\paintframe.tlog\cl.read.1.tlog
c:\users\chen-liu\documents\qt_in_vs\paintframe\paintframe\paintframe\debug\paintframe.tlog\cl.write.1.tlog
c:\users\chen-liu\documents\qt_in_vs\paintframe\paintframe\paintframe\debug\paintframe.tlog\custombuild.command.1.tlog
c:\users\chen-liu\documents\qt_in_vs\paintframe\paintframe\paintframe\debug\paintframe.tlog\custombuild.read.1.tlog
c:\users\chen-liu\documents\qt_in_vs\paintframe\paintframe\paintframe\debug\paintframe.tlog\custombuild.write.1.tlog
c:\users\chen-liu\documents\qt_in_vs\paintframe\paintframe\paintframe\debug\paintframe.tlog\link.command.1.tlog
c:\users\chen-liu\documents\qt_in_vs\paintframe\paintframe\paintframe\debug\paintframe.tlog\link.read.1.tlog
c:\users\chen-liu\documents\qt_in_vs\paintframe\paintframe\paintframe\debug\paintframe.tlog\link.write.1.tlog
c:\users\chen-liu\documents\qt_in_vs\paintframe\paintframe\paintframe\debug\paintframe.tlog\paintframe.write.1u.tlog
c:\users\chen-liu\documents\qt_in_vs\paintframe\paintframe\paintframe\debug\paintframe.tlog\rc.command.1.tlog
c:\users\chen-liu\documents\qt_in_vs\paintframe\paintframe\paintframe\debug\paintframe.tlog\rc.read.1.tlog
c:\users\chen-liu\documents\qt_in_vs\paintframe\paintframe\paintframe\debug\paintframe.tlog\rc.write.1.tlog
